# JRE version: OpenJDK Runtime Environment (8.0_131-b11) (build 1.8.0_131-8u131-b11-0ubuntu1.16.04.2-b11)
# Java VM: OpenJDK 64-Bit Server VM (25.131-b11 mixed mode linux-amd64 compressed oops)
Heap:
 def new generation   total 157248K, used 15415K [0x00000000e0000000, 0x00000000eaaa0000, 0x00000000eaaa0000)
  eden space 139776K,  10% used [0x00000000e0000000, 0x00000000e0e3b200, 0x00000000e8880000)
  from space 17472K,   4% used [0x00000000e9990000, 0x00000000e9a62b30, 0x00000000eaaa0000)
  to   space 17472K,   0% used [0x00000000e8880000, 0x00000000e8880000, 0x00000000e9990000)
 tenured generation   total 349568K, used 214916K [0x00000000eaaa0000, 0x0000000100000000, 0x0000000100000000)
   the space 349568K,  61% used [0x00000000eaaa0000, 0x00000000f7c813b8, 0x00000000f7c81400, 0x0000000100000000)
 Metaspace       used 27597K, capacity 28276K, committed 28416K, reserved 1075200K
  class space    used 3122K, capacity 3291K, committed 3328K, reserved 1048576K
GC Heap History (10 events):
Event: 164034.596 GC heap before
{Heap before GC invocations=415 (full 5):
 def new generation   total 157248K, used 157248K [0x00000000e0000000, 0x00000000eaaa0000, 0x00000000eaaa0000)
  eden space 139776K, 100% used [0x00000000e0000000, 0x00000000e8880000, 0x00000000e8880000)
  from space 17472K, 100% used [0x00000000e8880000, 0x00000000e9990000, 0x00000000e9990000)
  to   space 17472K,   0% used [0x00000000e9990000, 0x00000000e9990000, 0x00000000eaaa0000)
 tenured generation   total 349568K, used 201409K [0x00000000eaaa0000, 0x0000000100000000, 0x0000000100000000)
   the space 349568K,  57% used [0x00000000eaaa0000, 0x00000000f6f50470, 0x00000000f6f50600, 0x0000000100000000)
 Metaspace       used 27558K, capacity 28212K, committed 28416K, reserved 1075200K
  class space    used 3118K, capacity 3291K, committed 3328K, reserved 1048576K
Event: 164034.606 GC heap after
Heap after GC invocations=416 (full 5):
 def new generation   total 157248K, used 4351K [0x00000000e0000000, 0x00000000eaaa0000, 0x00000000eaaa0000)
  eden space 139776K,   0% used [0x00000000e0000000, 0x00000000e0000000, 0x00000000e8880000)
  from space 17472K,  24% used [0x00000000e9990000, 0x00000000e9dcfe00, 0x00000000eaaa0000)
  to   space 17472K,   0% used [0x00000000e8880000, 0x00000000e8880000, 0x00000000e9990000)
 tenured generation   total 349568K, used 214916K [0x00000000eaaa0000, 0x0000000100000000, 0x0000000100000000)
   the space 349568K,  61% used [0x00000000eaaa0000, 0x00000000f7c813b8, 0x00000000f7c81400, 0x0000000100000000)
 Metaspace       used 27558K, capacity 28212K, committed 28416K, reserved 1075200K
  class space    used 3118K, capacity 3291K, committed 3328K, reserved 1048576K
}
Event: 164253.027 GC heap before
{Heap before GC invocations=416 (full 5):
 def new generation   total 157248K, used 144127K [0x00000000e0000000, 0x00000000eaaa0000, 0x00000000eaaa0000)
  eden space 139776K, 100% used [0x00000000e0000000, 0x00000000e8880000, 0x00000000e8880000)
  from space 17472K,  24% used [0x00000000e9990000, 0x00000000e9dcfe00, 0x00000000eaaa0000)
  to   space 17472K,   0% used [0x00000000e8880000, 0x00000000e8880000, 0x00000000e9990000)
 tenured generation   total 349568K, used 214916K [0x00000000eaaa0000, 0x0000000100000000, 0x0000000100000000)
   the space 349568K,  61% used [0x00000000eaaa0000, 0x00000000f7c813b8, 0x00000000f7c81400, 0x0000000100000000)
 Metaspace       used 27592K, capacity 28276K, committed 28416K, reserved 1075200K
  class space    used 3122K, capacity 3291K, committed 3328K, reserved 1048576K
Event: 164253.031 GC heap after
Heap after GC invocations=417 (full 5):
 def new generation   total 157248K, used 4115K [0x00000000e0000000, 0x00000000eaaa0000, 0x00000000eaaa0000)
  eden space 139776K,   0% used [0x00000000e0000000, 0x00000000e0000000, 0x00000000e8880000)
  from space 17472K,  23% used [0x00000000e8880000, 0x00000000e8c84f68, 0x00000000e9990000)
  to   space 17472K,   0% used [0x00000000e9990000, 0x00000000e9990000, 0x00000000eaaa0000)
 tenured generation   total 349568K, used 214916K [0x00000000eaaa0000, 0x0000000100000000, 0x0000000100000000)
   the space 349568K,  61% used [0x00000000eaaa0000, 0x00000000f7c813b8, 0x00000000f7c81400, 0x0000000100000000)
 Metaspace       used 27592K, capacity 28276K, committed 28416K, reserved 1075200K
  class space    used 3122K, capacity 3291K, committed 3328K, reserved 1048576K
}
Event: 164472.508 GC heap before
{Heap before GC invocations=417 (full 5):
 def new generation   total 157248K, used 143891K [0x00000000e0000000, 0x00000000eaaa0000, 0x00000000eaaa0000)
  eden space 139776K, 100% used [0x00000000e0000000, 0x00000000e8880000, 0x00000000e8880000)
  from space 17472K,  23% used [0x00000000e8880000, 0x00000000e8c84f68, 0x00000000e9990000)
  to   space 17472K,   0% used [0x00000000e9990000, 0x00000000e9990000, 0x00000000eaaa0000)
 tenured generation   total 349568K, used 214916K [0x00000000eaaa0000, 0x0000000100000000, 0x0000000100000000)
   the space 349568K,  61% used [0x00000000eaaa0000, 0x00000000f7c813b8, 0x00000000f7c81400, 0x0000000100000000)
 Metaspace       used 27592K, capacity 28276K, committed 28416K, reserved 1075200K
  class space    used 3122K, capacity 3291K, committed 3328K, reserved 1048576K
Event: 164472.512 GC heap after
Heap after GC invocations=418 (full 5):
 def new generation   total 157248K, used 4108K [0x00000000e0000000, 0x00000000eaaa0000, 0x00000000eaaa0000)
  eden space 139776K,   0% used [0x00000000e0000000, 0x00000000e0000000, 0x00000000e8880000)
  from space 17472K,  23% used [0x00000000e9990000, 0x00000000e9d933d0, 0x00000000eaaa0000)
  to   space 17472K,   0% used [0x00000000e8880000, 0x00000000e8880000, 0x00000000e9990000)
 tenured generation   total 349568K, used 214916K [0x00000000eaaa0000, 0x0000000100000000, 0x0000000100000000)
   the space 349568K,  61% used [0x00000000eaaa0000, 0x00000000f7c813b8, 0x00000000f7c81400, 0x0000000100000000)
 Metaspace       used 27592K, capacity 28276K, committed 28416K, reserved 1075200K
  class space    used 3122K, capacity 3291K, committed 3328K, reserved 1048576K
}
Event: 164699.833 GC heap before
{Heap before GC invocations=418 (full 5):
 def new generation   total 157248K, used 143884K [0x00000000e0000000, 0x00000000eaaa0000, 0x00000000eaaa0000)
  eden space 139776K, 100% used [0x00000000e0000000, 0x00000000e8880000, 0x00000000e8880000)
  from space 17472K,  23% used [0x00000000e9990000, 0x00000000e9d933d0, 0x00000000eaaa0000)
  to   space 17472K,   0% used [0x00000000e8880000, 0x00000000e8880000, 0x00000000e9990000)
 tenured generation   total 349568K, used 214916K [0x00000000eaaa0000, 0x0000000100000000, 0x0000000100000000)
   the space 349568K,  61% used [0x00000000eaaa0000, 0x00000000f7c813b8, 0x00000000f7c81400, 0x0000000100000000)
 Metaspace       used 27594K, capacity 28276K, committed 28416K, reserved 1075200K
  class space    used 3122K, capacity 3291K, committed 3328K, reserved 1048576K
Event: 164699.837 GC heap after
Heap after GC invocations=419 (full 5):
 def new generation   total 157248K, used 4106K [0x00000000e0000000, 0x00000000eaaa0000, 0x00000000eaaa0000)
  eden space 139776K,   0% used [0x00000000e0000000, 0x00000000e0000000, 0x00000000e8880000)
  from space 17472K,  23% used [0x00000000e8880000, 0x00000000e8c82850, 0x00000000e9990000)
  to   space 17472K,   0% used [0x00000000e9990000, 0x00000000e9990000, 0x00000000eaaa0000)
 tenured generation   total 349568K, used 214916K [0x00000000eaaa0000, 0x0000000100000000, 0x0000000100000000)
   the space 349568K,  61% used [0x00000000eaaa0000, 0x00000000f7c813b8, 0x00000000f7c81400, 0x0000000100000000)
 Metaspace       used 27594K, capacity 28276K, committed 28416K, reserved 1075200K
  class space    used 3122K, capacity 3291K, committed 3328K, reserved 1048576K
}
Event: 165090.666 GC heap before
{Heap before GC invocations=419 (full 5):
 def new generation   total 157248K, used 143882K [0x00000000e0000000, 0x00000000eaaa0000, 0x00000000eaaa0000)
  eden space 139776K, 100% used [0x00000000e0000000, 0x00000000e8880000, 0x00000000e8880000)
  from space 17472K,  23% used [0x00000000e8880000, 0x00000000e8c82850, 0x00000000e9990000)
  to   space 17472K,   0% used [0x00000000e9990000, 0x00000000e9990000, 0x00000000eaaa0000)
 tenured generation   total 349568K, used 214916K [0x00000000eaaa0000, 0x0000000100000000, 0x0000000100000000)
   the space 349568K,  61% used [0x00000000eaaa0000, 0x00000000f7c813b8, 0x00000000f7c81400, 0x0000000100000000)
 Metaspace       used 27597K, capacity 28276K, committed 28416K, reserved 1075200K
  class space    used 3122K, capacity 3291K, committed 3328K, reserved 1048576K
Event: 165090.669 GC heap after
Heap after GC invocations=420 (full 5):
 def new generation   total 157248K, used 842K [0x00000000e0000000, 0x00000000eaaa0000, 0x00000000eaaa0000)
  eden space 139776K,   0% used [0x00000000e0000000, 0x00000000e0000000, 0x00000000e8880000)
  from space 17472K,   4% used [0x00000000e9990000, 0x00000000e9a62b30, 0x00000000eaaa0000)
  to   space 17472K,   0% used [0x00000000e8880000, 0x00000000e8880000, 0x00000000e9990000)
 tenured generation   total 349568K, used 214916K [0x00000000eaaa0000, 0x0000000100000000, 0x0000000100000000)
   the space 349568K,  61% used [0x00000000eaaa0000, 0x00000000f7c813b8, 0x00000000f7c81400, 0x0000000100000000)
 Metaspace       used 27597K, capacity 28276K, committed 28416K, reserved 1075200K
  class space    used 3122K, capacity 3291K, committed 3328K, reserved 1048576K
}

